1
0.23333330000000000000 -0.46666659999999999999 
-0.23333329999999999997 0.46666659999999999999 
2
0.70710678117309504865 -0.70710678117309504870 
0.70710678119999999995 -0.70710678119999999995 
0.70710678117309504865 -0.70710678117309504870 
0.70710678119999999995 -0.70710678119999999995 
2
1.00000000000000000000 0.00000000000000000003 
-0.50000000000000000000 0.86602540378443864673 
1.00000000000000000000 0.00000000000000000000 
-0.50000000000000000000 -0.86602540378443864668 
2
0.00000000000000000000 0.00000000000000000000 
2.23629205920957621710 2.64556191118563567414 
-0.00000000000000000001 0.00000000000000000005 
3.30216947925196224419 1.04674578112205663360 
2
1.35352859362106905938 9.90797458344793859075 
8.00000000000000000260 9.00000000000000002082 
9.68095416499962071934 2.50581852000033709882 
8.00000000000000003296 9.00000000000000000867 
