4
-0.00000000000000000004 0.00000000000000000000 
0.00000000000000000033 0.99999999999999999989 
-0.00000000000000000004 0.00000000000000000000 
0.00000000000000000033 0.99999999999999999989 
0.00000000000000000000 -0.00000000000000000003 
1.00000000000000000000 0.00000000000000000016 
0.00000000000000000000 -0.00000000000000000003 
1.00000000000000000000 0.00000000000000000016 
6
-1.00000000000000000000 1.00000000000000000000 
1.00000000000000000000 1.00000000000000000000 
-1.00000000000000000000 1.00000000000000000000 
1.00000000000000000000 1.00000000000000000000 
0.00000000000000000000 0.00000000000000000000 
0.00000000000000000005 0.00000000000000000000 
0.00000000000000000000 0.00000000000000000000 
0.00000000000000000005 0.00000000000000000000 
-1.00000000000000000000 -1.00000000000000000000 
1.00000000000000000000 -1.00000000000000000000 
-1.00000000000000000000 -1.00000000000000000000 
1.00000000000000000000 -1.00000000000000000000 
2
0.00000000000000000000 0.00000000000000000000 
0.00000000000000000000 0.00000000000000000000 
0.00000000000000000000 0.00000000000000000000 
0.00000000000000000000 0.00000000000000000000 
16
0.00000000000000000000 1.00000000000000000000 0.50000000000000000000 
0.86602540000000000000 -0.50000000000000000000 0.50000000000000000000 
-0.86602540000000000000 -0.50000000000000000000 0.50000000000000000000 
0.00000000000000000000 1.00000000000000000000 0.50000000000000000000 
0.86602540000000000000 -0.50000000000000000000 0.50000000000000000000 
-0.86602540000000000000 -0.50000000000000000000 0.50000000000000000000 
-0.28867513585629243667 0.83333333333333333337 0.37267799527282708508 
0.57735026414370756327 -0.66666666666666666663 0.37267799527282708511 
-0.57735026414370756327 -0.33333333333333333337 -0.37267799527282708511 
-0.28867513585629243667 0.83333333333333333337 0.37267799527282708508 
0.57735026414370756327 -0.66666666666666666663 0.37267799527282708511 
-0.57735026414370756327 -0.33333333333333333337 -0.37267799527282708511 
0.28867513585629243669 0.83333333333333333332 0.37267799527282708481 
0.57735026414370756327 -0.33333333333333333332 -0.37267799527282708481 
-0.57735026414370756327 -0.66666666666666666663 0.37267799527282708481 
0.28867513585629243669 0.83333333333333333332 0.37267799527282708481 
0.57735026414370756327 -0.33333333333333333332 -0.37267799527282708481 
-0.57735026414370756327 -0.66666666666666666663 0.37267799527282708481 
0.00000000000000000000 0.66666666666666666674 0.37267799624996494938 
0.86602540000000000000 -0.16666666666666666674 -0.37267799624996494938 
-0.86602540000000000000 -0.16666666666666666674 -0.37267799624996494938 
0.00000000000000000000 0.66666666666666666674 0.37267799624996494938 
0.86602540000000000000 -0.16666666666666666674 -0.37267799624996494938 
-0.86602540000000000000 -0.16666666666666666674 -0.37267799624996494938 
0.00000000000000000000 0.66666666666666666668 -0.37267799624996494947 
0.86602540000000000000 -0.16666666666666666674 0.37267799624996494944 
-0.86602540000000000000 -0.16666666666666666674 0.37267799624996494944 
0.00000000000000000000 0.66666666666666666668 -0.37267799624996494947 
0.86602540000000000000 -0.16666666666666666674 0.37267799624996494944 
-0.86602540000000000000 -0.16666666666666666674 0.37267799624996494944 
0.28867513585629243669 0.83333333333333333332 -0.37267799527282708468 
0.57735026414370756327 -0.33333333333333333332 0.37267799527282708470 
-0.57735026414370756327 -0.66666666666666666663 -0.37267799527282708468 
0.28867513585629243669 0.83333333333333333332 -0.37267799527282708468 
0.57735026414370756327 -0.33333333333333333332 0.37267799527282708470 
-0.57735026414370756327 -0.66666666666666666663 -0.37267799527282708468 
-0.28867513585629243667 0.83333333333333333337 -0.37267799527282708519 
0.57735026414370756333 -0.66666666666666666663 -0.37267799527282708519 
-0.57735026414370756327 -0.33333333333333333337 0.37267799527282708522 
-0.28867513585629243667 0.83333333333333333337 -0.37267799527282708519 
0.57735026414370756333 -0.66666666666666666663 -0.37267799527282708519 
-0.57735026414370756327 -0.33333333333333333337 0.37267799527282708522 
0.00000000000000000000 1.00000000000000000000 -0.50000000000000000022 
0.86602540000000000000 -0.50000000000000000000 -0.50000000000000000022 
-0.86602540000000000000 -0.50000000000000000000 -0.50000000000000000022 
0.00000000000000000000 1.00000000000000000000 -0.50000000000000000022 
0.86602540000000000000 -0.50000000000000000000 -0.50000000000000000022 
-0.86602540000000000000 -0.50000000000000000000 -0.50000000000000000022 
2
1.00000000000000000000 0.00000000000000000000 0.00000000000000000001 0.00000000000000000000 0.00000000000000000000 
0.00000000000000000000 1.00000000000000000000 -0.00000000000000000001 0.00000000000000000000 0.00000000000000000000 
0.00000000000000000000 0.00000000000000000000 1.00000000000000000000 0.00000000000000000000 0.00000000000000000000 
0.00000000000000000000 0.00000000000000000000 -0.00000000000000000001 1.00000000000000000000 0.00000000000000000000 
0.00000000000000000000 0.00000000000000000000 -0.00000000000000000001 0.00000000000000000000 1.00000000000000000000 
1.00000000000000000000 0.00000000000000000000 0.00000000000000000001 0.00000000000000000000 0.00000000000000000000 
0.00000000000000000000 1.00000000000000000000 -0.00000000000000000001 0.00000000000000000000 0.00000000000000000000 
0.00000000000000000000 0.00000000000000000000 1.00000000000000000000 0.00000000000000000000 0.00000000000000000000 
0.00000000000000000000 0.00000000000000000000 -0.00000000000000000001 1.00000000000000000000 0.00000000000000000000 
0.00000000000000000000 0.00000000000000000000 -0.00000000000000000001 0.00000000000000000000 1.00000000000000000000 
