4
7.19999999999999999983 5.40000000000000000009 
8.80000000000000000017 6.60000000000000000035 
8.00000000000000000087 6.99999999999999999957 
8.00000000000000000087 7.00000000000000000000 
8.00000000000000000087 6.99999999999999999957 
8.00000000000000000087 7.00000000000000000000 
7.20000000000000000026 8.59999999999999999948 
8.80000000000000000017 7.40000000000000000009 
4
1.67382321662395786423 4.78976248614603999313 
3.06285028743326886492 -0.01119614693536839735 
1.82576527074590461077 4.43220991268976479338 
4.12275070553541686785 0.43920879669131877764 
4.74090774020566137897 4.65557053412184831736 
3.07905772264241753083 0.35924017914156047891 
4.83660402491678242205 5.03209736143763165881 
4.19520391015539123678 0.07556572199618911249 
4
6.70710678118654752417 -5.29289321881345247583 
-5.29289321881345247497 6.70710678118654752503 
6.61884581443136321916 -5.21448751890197011432 
-6.61884581443136321916 5.21448751890197011432 
5.21448751890197011389 -6.61884581443136321916 
-5.21448751890197011389 6.61884581443136321959 
5.29289321881345247497 -6.70710678118654752503 
-6.70710678118654752417 5.29289321881345247627 
4
6.73480344462748793275 -5.32171989726693421595 
-5.26519655537251206681 7.67828010273306578448 
6.65341580129779646769 -5.24300079880203402996 
-6.65341580129779646725 6.24300079880203403039 
5.19322956611434410727 -6.59086501589445159345 
-5.19322956611434410684 7.59086501589445159345 
5.26519655537251206768 -6.67828010273306578361 
-6.73480344462748793189 6.32171989726693421682 
4
8.29508433584327959168 2.09454807881183986164 
-6.79677833556805114420 23.32143859785068592920 
7.93181582834841204625 2.85418941947511663345 
1.11391039180876682971 27.10441344851045974811 
11.99701499855561464235 5.30093798170438468406 
-6.23980355429775819347 22.67838454529084884527 
12.49820461559825252040 4.62430813995122705264 
0.80642704854155435566 27.89763057836705706719 
4
0.67999999999999999995 6.71000000000000000003 
0.67999999999999999984 -2.17000000000000000007 
0.89930413630310667371 6.39911991739514926904 
8.82619626833651300165 3.57657122390784684924 
1.33904018406840472251 6.68484930879219541077 
0.69774205206888240257 -1.70509328373452123152 
1.14406738280814607210 7.01153927914448230150 
9.25821525796876072800 3.40390788721618799562 
4
4.77756860082614152278 6.05972914667667728311 
4.26664983042596837387 8.40403330997391784501 
5.09999999999999999905 6.45999999999999999917 
6.68000000000000000592 6.45999999999999999483 
5.38248132812197670454 6.30059982198831314542 
4.56567005920823496944 7.65308618087535312514 
5.20653495553777628151 5.81766956080368338386 
7.47739800054032550079 6.59225398540938775345 
4
4.73108327836121423434 1.75855562885171435509 
6.54621665567224284531 5.75171112577034287150 
4.97715331324861801326 2.63046224900184264861 
5.40456933735027639709 6.07390755019963147045 
2.47884668675138198626 5.96153775099815735113 
5.90423066264972360275 5.40769244980036853029 
1.57291672163878576537 5.96944437114828564597 
5.91458334432775715336 6.59388887422965712815 
