2
0.00000000000000000000 0.00000000000000000000 1.00000000000000000000 
0.00000000000000000000 0.00000000000000000000 -0.00000000000000000001 
0.00000000000000000000 0.00000000000000000003 -1.00000000000000000000 
0.00000000000000000000 0.00000000000000000000 1.00000000000000000000 
0.00000000000000000000 0.00000000000000000000 -0.00000000000000000001 
0.00000000000000000000 0.00000000000000000003 -1.00000000000000000000 
2
1.00000000000000000000 0.00000000000000000000 0.00000000000000000000 
0.99999999999999999978 0.00000000000000000000 0.00000000000000000000 
1.00000000000000000000 1.00000000000000000000 0.00000000000000000000 
1.00000000000000000000 0.00000000000000000000 0.00000000000000000000 
0.99999999999999999978 0.00000000000000000000 0.00000000000000000000 
1.00000000000000000000 1.00000000000000000000 0.00000000000000000000 
2
0.00000000000000000000 1.00000000000000000000 0.00000000000000000000 
0.00000000000000000000 0.00000000000000000000 1.00000000000000000000 
0.70710678118654752438 -0.50000000000000000000 0.50000000000000000000 
0.00000000000000000001 1.00000000000000000000 -0.00000000000000000001 
0.00000000000000000001 0.00000000000000000000 1.00000000000000000000 
-0.70710678118654752460 -0.50000000000000000000 0.50000000000000000000 
1
-6.00000000000000000000 3.00000000000000000000 2.00000000000000000043 
3.00000000000000000000 8.00000000000000000000 -4.00000000000000000000 
5.00000000000000000000 -0.00000000000000000008 -3.00000000000000000043 
2
1.00000000000000000000 1.00000000000000000000 1.00000000000000000000 
2.00000000000000000000 1.99999999999999999989 2.00000000000000000000 
-2.95477248347842207988 3.68340738434895456025 3.27136509912946752006 
1.00000000000000000000 1.00000000000000000000 1.00000000000000000000 
2.00000000000000000000 1.99999999999999999989 2.00000000000000000000 
-2.74290193512622908277 2.20031354588360357938 4.54258838924262550339 
8
0.50000000000000000000 0.49999999999999999997 -0.86602540000000000000 
-1.00000000000000000000 0.50000000000000000000 0.00000000000000000000 
0.50000000000000000000 0.49999999999999999997 0.86602540000000000000 
0.66666666666666666668 0.37267799527282708476 -0.57735026414370756333 
-0.83333333333333333326 0.37267799527282708478 0.28867513585629243669 
0.33333333333333333326 -0.37267799527282708489 0.57735026414370756327 
0.16666666666666666666 0.37267799624996494938 -0.86602540000000000000 
-0.66666666666666666663 -0.37267799624996494944 0.00000000000000000000 
0.16666666666666666666 0.37267799624996494938 0.86602540000000000000 
0.33333333333333333334 0.37267799527282708478 -0.57735026414370756333 
-0.83333333333333333326 -0.37267799527282708484 -0.28867513585629243672 
0.66666666666666666668 -0.37267799527282708478 0.57735026414370756327 
0.33333333333333333332 -0.37267799527282708478 -0.57735026414370756327 
-0.83333333333333333326 0.37267799527282708484 -0.28867513585629243672 
0.66666666666666666668 0.37267799527282708481 0.57735026414370756327 
0.16666666666666666660 -0.37267799624996494944 -0.86602540000000000000 
-0.66666666666666666663 0.37267799624996494944 0.00000000000000000000 
0.16666666666666666660 -0.37267799624996494944 0.86602540000000000000 
0.66666666666666666663 -0.37267799527282708478 -0.57735026414370756327 
-0.83333333333333333337 -0.37267799527282708478 0.28867513585629243669 
0.33333333333333333334 0.37267799527282708478 0.57735026414370756327 
0.50000000000000000000 -0.49999999999999999995 -0.86602540000000000000 
-1.00000000000000000000 -0.49999999999999999995 0.00000000000000000000 
0.50000000000000000000 -0.49999999999999999995 0.86602540000000000000 
2
2.00000000000000000000 3.00000000000000000043 0.00000000000000000043 
1.00000000000000000000 1.00000000000000000000 0.00000000000000000005 
4.00000000000000000000 5.00000000000000000000 0.00000000000000000086 
2.62882096069868995657 2.52838427947598253323 0.10480349344978165979 
1.00000000000000000000 1.00000000000000000000 0.00000000000000000005 
3.99999999999999999978 5.00000000000000000000 0.00000000000000000083 
