16
0.49999999993062203395 0.00000000002506647852 0.99999999994024453857 
0.07735026663062203400 1.07735026662506647849 -0.28867513325975546144 
-1.07735026666937796602 -0.07735026667493352152 0.28867513334024453854 
0.49999999993062203395 0.00000000002506647852 0.99999999994024453857 
0.07735026663062203400 1.07735026662506647849 -0.28867513325975546144 
-1.07735026666937796602 -0.07735026667493352152 0.28867513334024453854 
0.23887946648634768990 -0.22177587148450561561 0.90023259761778886222 
-0.18377026681365231001 0.85557439511549438437 -0.38844253558221113778 
-0.48289639988634768994 -0.52224106181549438438 -0.27822413101778886222 
0.23887946648634768990 -0.22177587148450561561 0.90023259761778886222 
-0.18377026681365231001 0.85557439511549438437 -0.38844253558221113778 
-0.48289639988634768994 -0.52224106181549438438 -0.27822413101778886222 
0.62377964763419764375 0.16312430967657866248 0.70778250703123603830 
0.28690395226580235621 0.24755929032342133758 -0.66312430703123603830 
-0.95357061896580235622 0.08577404297657866241 -0.00354235956876396168 
0.62377964763419764375 0.16312430967657866248 0.70778250703123603830 
0.28690395226580235621 0.24755929032342133758 -0.66312430703123603830 
-0.95357061896580235622 0.08577404297657866241 -0.00354235956876396168 
0.32021844561925634596 0.02622977530485453863 0.69289644185049333432 
0.59046515428074365401 0.38445382469514546137 -0.64823824185049333432 
-0.56423537901925634598 -0.77024670860485453861 -0.07088797525049333434 
0.32021844561925634596 0.02622977530485453863 0.69289644185049333432 
0.59046515428074365401 0.38445382469514546137 -0.64823824185049333432 
-0.56423537901925634598 -0.77024670860485453861 -0.07088797525049333434 
0.56867044310781550989 -0.47067421965185675679 0.19599244687115592291 
0.34201315679218449007 0.88135781965185675679 -0.15133424687115592291 
-0.81268737650781550997 -0.27334271364814324319 0.42601601972884407707 
0.56867044310781550989 -0.47067421965185675679 0.19599244687115592291 
0.34201315679218449007 0.88135781965185675679 -0.15133424687115592291 
-0.81268737650781550997 -0.27334271364814324319 0.42601601972884407707 
0.87223164447361930688 -0.33377968398185763147 0.21087851335017362842 
0.03845195542638069309 0.74446328398185763147 -0.16622031335017362842 
-0.70511862212638069309 -0.41112995068185763148 -0.50044635324982637153 
0.87223164447361930688 -0.33377968398185763147 0.21087851335017362842 
0.03845195542638069309 0.74446328398185763147 -0.16622031335017362842 
-0.70511862212638069309 -0.41112995068185763148 -0.50044635324982637153 
0.48733146333290721514 -0.71867986515721763352 0.40332860392245072827 
0.06468173003290721513 0.35867040144278236640 -0.88534652927754927169 
-0.73134839673290721505 -0.02533706814278236628 0.21867986267754927184 
0.48733146333290721514 -0.71867986515721763352 0.40332860392245072827 
0.06468173003290721513 0.35867040144278236640 -0.88534652927754927169 
-0.73134839673290721505 -0.02533706814278236628 0.21867986267754927184 
0.83333333326937796595 -0.66666666662506647838 0.33333333325975546147 
0.41068359996937796601 0.41068359997493352154 -0.95534179994024453846 
-0.74401693333062203397 -0.74401693332506647839 -0.37799153334024453854 
0.83333333326937796595 -0.66666666662506647838 0.33333333325975546147 
0.41068359996937796601 0.41068359997493352154 -0.95534179994024453846 
-0.74401693333062203397 -0.74401693332506647839 -0.37799153334024453854 
16
-0.41068359994100665458 -0.41068359994100665452 0.95534180002050332733 
0.74401693325899334543 0.74401693325899334543 0.37799153322050332729 
-0.83333333334100665466 0.66666666665899334545 -0.33333333337949667269 
-0.41068359994100665458 -0.41068359994100665452 0.95534180002050332733 
0.74401693325899334543 0.74401693325899334543 0.37799153322050332729 
-0.83333333334100665466 0.66666666665899334545 -0.33333333337949667269 
-0.59046515427019136959 -0.38445382468689308689 0.64823824197674482622 
0.56423537892980863036 0.77024670851310691311 0.07088797517674482620 
-0.32021844572980863030 -0.02622977531310691313 -0.69289644197674482622 
-0.59046515427019136959 -0.38445382468689308689 0.64823824197674482622 
0.56423537892980863036 0.77024670851310691311 0.07088797517674482620 
-0.32021844572980863030 -0.02622977531310691313 -0.69289644197674482622 
-0.06468172998335110934 -0.35867040142656425329 0.88534652932006898264 
0.73134839658335110938 0.02533706802656425324 -0.21867986272006898269 
-0.48733146338335110937 0.71867986517343574669 -0.40332860407993101739 
-0.06468172998335110934 -0.35867040142656425329 0.88534652932006898264 
0.73134839658335110938 0.02533706802656425324 -0.21867986272006898269 
-0.48733146338335110937 0.71867986517343574669 -0.40332860407993101739 
-0.28690395222930539294 -0.24755929031930904328 0.66312430711965087132 
0.95357061882930539297 -0.08577404308069095675 0.00354235948034912869 
-0.62377964777069460706 -0.16312430968069095661 -0.70778250711965087132 
-0.28690395222930539294 -0.24755929031930904328 0.66312430711965087132 
0.95357061882930539297 -0.08577404308069095675 0.00354235948034912869 
-0.62377964777069460706 -0.16312430968069095661 -0.70778250711965087132 
-0.03845195542385581022 -0.74446328404496327127 0.16622031345137417468 
0.70511862202385581019 0.41112995064496327124 0.50044635314862582543 
-0.87223164457614418984 0.33377968404496327127 -0.21087851345137417468 
-0.03845195542385581022 -0.74446328404496327127 0.16622031345137417468 
0.70511862202385581019 0.41112995064496327124 0.50044635314862582543 
-0.87223164457614418984 0.33377968404496327127 -0.21087851345137417468 
0.18377026680884770004 -0.85557439512571693428 0.38844253567829383281 
0.48289639979115229999 0.52224106172571693426 0.27822413092170616720 
-0.23887946659115230004 0.22177587147428306571 -0.90023259772170616721 
0.18377026680884770004 -0.85557439512571693428 0.38844253567829383281 
0.48289639979115229999 0.52224106172571693426 0.27822413092170616720 
-0.23887946659115230004 0.22177587147428306571 -0.90023259772170616721 
-0.34201315680846642426 -0.88135781972509804033 0.15133424699591740417 
0.81268737639153357575 0.27334271347490195962 -0.42601601980408259593 
-0.56867044319153357574 0.47067421972509804033 -0.19599244699591740411 
-0.34201315680846642426 -0.88135781972509804033 0.15133424699591740417 
0.81268737639153357575 0.27334271347490195962 -0.42601601980408259593 
-0.56867044319153357574 0.47067421972509804033 -0.19599244699591740411 
-0.07735026665899334539 -1.07735026665899334545 0.28867513337949667269 
1.07735026654100665461 0.07735026654100665453 -0.28867513342050332733 
-0.50000000005899334542 -0.00000000005899334547 -1.00000000002050332733 
-0.07735026665899334539 -1.07735026665899334545 0.28867513337949667269 
1.07735026654100665461 0.07735026654100665453 -0.28867513342050332733 
-0.50000000005899334542 -0.00000000005899334547 -1.00000000002050332733 
16
-0.11957315548375453812 1.10517171375194772284 -0.11957315448375453807 
1.10517171351624546197 -0.11957315424805227706 -0.11957315448375453805 
-0.11957315448375453813 -0.11957315424805227712 1.10517171351624546186 
-0.11957315548375453812 1.10517171375194772284 -0.11957315448375453807 
1.10517171351624546197 -0.11957315424805227706 -0.11957315448375453805 
-0.11957315448375453813 -0.11957315424805227712 1.10517171351624546186 
-0.32916531289341403557 0.89557955617115694505 0.07908297970097866696 
0.89557955610658596444 -0.32916531182884305493 0.07908297970097866696 
-0.48733126610658596443 -0.48733126617115694504 0.32916531029902133313 
-0.32916531289341403557 0.89557955617115694505 0.07908297970097866696 
0.89557955610658596444 -0.32916531182884305493 0.07908297970097866696 
-0.48733126610658596443 -0.48733126617115694504 0.32916531029902133313 
0.07908297866014039272 0.89557955646365200599 -0.32916531193425230975 
0.32916531033985960727 -0.48733126646365200599 -0.48733126606574769026 
0.07908297966014039284 -0.32916531153634799394 0.89557955606574769027 
0.07908297866014039272 0.89557955646365200599 -0.32916531193425230975 
0.32916531033985960727 -0.48733126646365200599 -0.48733126606574769026 
0.07908297966014039284 -0.32916531153634799394 0.89557955606574769027 
-0.05699978513058310027 0.75949679256181740135 -0.05699978413058310025 
0.46524807413058310028 -0.35124850256181740135 -0.75949679386941689970 
-0.75949679386941689970 -0.35124850256181740135 0.46524807413058310028 
-0.05699978513058310027 0.75949679256181740135 -0.05699978413058310025 
0.46524807413058310028 -0.35124850256181740135 -0.75949679386941689970 
-0.75949679386941689970 -0.35124850256181740135 0.46524807413058310028 
-0.48733126706574769033 0.32916531027528862647 -0.48733126606574769037 
0.89557955606574769032 0.07908297972471137354 -0.32916531193425230961 
-0.32916531193425230966 0.07908297972471137337 0.89557955606574769037 
-0.48733126706574769033 0.32916531027528862647 -0.48733126606574769037 
0.89557955606574769032 0.07908297972471137354 -0.32916531193425230961 
-0.32916531193425230966 0.07908297972471137337 0.89557955606574769037 
-0.35124850327502419732 0.46524807417712323124 -0.75949679386941689981 
0.75949679227502419731 -0.05699978417712323124 -0.05699978413058310014 
-0.35124850227502419731 -0.75949679382287676880 0.46524807413058310015 
-0.35124850327502419732 0.46524807417712323124 -0.75949679386941689981 
0.75949679227502419731 -0.05699978417712323124 -0.05699978413058310014 
-0.35124850227502419731 -0.75949679382287676880 0.46524807413058310015 
-0.75949679468803295052 0.46524807402517384553 -0.35124850209364024800 
0.46524807431196704956 -0.75949679397482615438 -0.35124850209364024800 
-0.05699978431196704961 -0.05699978402517384563 0.75949679209364024800 
-0.75949679468803295052 0.46524807402517384553 -0.35124850209364024800 
0.46524807431196704956 -0.75949679397482615438 -0.35124850209364024800 
-0.05699978431196704961 -0.05699978402517384563 0.75949679209364024800 
-0.69692342451624546198 0.52782144424805227704 -0.69692342351624546196 
0.52782144448375453808 -0.69692342375194772295 -0.69692342351624546196 
-0.69692342351624546196 -0.69692342375194772295 0.52782144448375453803 
-0.69692342451624546198 0.52782144424805227704 -0.69692342351624546196 
0.52782144448375453808 -0.69692342375194772295 -0.69692342351624546196 
-0.69692342351624546196 -0.69692342375194772295 0.52782144448375453803 
16
2.21034342718962576444 -0.23914630881037423547 -0.23914630881037423547 
-0.23914630881037423547 2.21034342718962576444 -0.23914630881037423547 
-0.23914630881037423547 -0.23914630881037423547 2.21034342718962576444 
2.21034342718962576444 -0.23914630881037423547 -0.23914630881037423547 
-0.23914630881037423547 2.21034342718962576444 -0.23914630881037423547 
-0.23914630881037423547 -0.23914630881037423547 2.21034342718962576444 
1.79115911222899373313 -0.65833062377100626684 0.15816595941777913828 
-0.65833062377100626684 1.79115911222899373313 0.15816595941777913817 
-0.97466253222899373312 -0.97466253222899373312 0.65833062058222086173 
1.79115911222899373313 -0.65833062377100626684 0.15816595941777913828 
-0.65833062377100626684 1.79115911222899373313 0.15816595941777913817 
-0.97466253222899373312 -0.97466253222899373312 0.65833062058222086173 
1.79115911222899373324 0.15816595941777913817 -0.65833062377100626678 
-0.97466253222899373323 0.65833062058222086189 -0.97466253222899373323 
-0.65833062377100626678 0.15816595941777913817 1.79115911222899373324 
1.79115911222899373324 0.15816595941777913817 -0.65833062377100626678 
-0.97466253222899373323 0.65833062058222086189 -0.97466253222899373323 
-0.65833062377100626678 0.15816595941777913817 1.79115911222899373324 
1.51899358449939859809 -0.11399956831181599681 -0.11399956831181599681 
-0.70249700449939859808 0.93049614831181599688 -1.51899358768818400309 
-0.70249700449939859808 -1.51899358768818400320 0.93049614831181599682 
1.51899358449939859809 -0.11399956831181599681 -0.11399956831181599681 
-0.70249700449939859808 0.93049614831181599688 -1.51899358768818400309 
-0.70249700449939859808 -1.51899358768818400320 0.93049614831181599682 
0.65833062058222086178 -0.97466253222899373312 -0.97466253222899373312 
0.15816595941777913817 1.79115911222899373313 -0.65833062377100626684 
0.15816595941777913812 -0.65833062377100626684 1.79115911222899373313 
0.65833062058222086178 -0.97466253222899373312 -0.97466253222899373312 
0.15816595941777913817 1.79115911222899373313 -0.65833062377100626684 
0.15816595941777913812 -0.65833062377100626684 1.79115911222899373313 
0.93049614831181599677 -0.70249700449939859830 -1.51899358768818400320 
-0.11399956831181599676 1.51899358449939859831 -0.11399956831181599676 
-1.51899358768818400320 -0.70249700449939859830 0.93049614831181599677 
0.93049614831181599677 -0.70249700449939859830 -1.51899358768818400320 
-0.11399956831181599676 1.51899358449939859831 -0.11399956831181599676 
-1.51899358768818400320 -0.70249700449939859830 0.93049614831181599677 
0.93049614831181599682 -1.51899358768818400309 -0.70249700449939859808 
-1.51899358768818400309 0.93049614831181599693 -0.70249700449939859808 
-0.11399956831181599681 -0.11399956831181599687 1.51899358449939859809 
0.93049614831181599682 -1.51899358768818400309 -0.70249700449939859808 
-1.51899358768818400309 0.93049614831181599693 -0.70249700449939859808 
-0.11399956831181599681 -0.11399956831181599687 1.51899358449939859809 
1.05564288881037423543 -1.39384684718962576454 -1.39384684718962576454 
-1.39384684718962576454 1.05564288881037423543 -1.39384684718962576454 
-1.39384684718962576454 -1.39384684718962576454 1.05564288881037423543 
1.05564288881037423543 -1.39384684718962576454 -1.39384684718962576454 
-1.39384684718962576454 1.05564288881037423543 -1.39384684718962576454 
-1.39384684718962576454 -1.39384684718962576454 1.05564288881037423543 
4
-1.38666666666666666687 1.73333333333333333378 -1.37333333333333333333 
-4.00000000000000000000 0.99999999999999999989 1.00000000000000000000 
-2.69333333333333333338 0.86666666666666666689 -5.18666666666666666650 
-1.38666666666666666687 1.73333333333333333378 -1.37333333333333333333 
-4.00000000000000000000 0.99999999999999999989 1.00000000000000000000 
-2.69333333333333333338 0.86666666666666666689 -5.18666666666666666650 
-4.00000000000000000000 -1.99999999999999999957 -0.99999999999999999989 
-4.00000000000000000043 1.00000000000000000000 1.00000000000000000000 
-4.00000000000000000000 -0.99999999999999999978 -5.00000000000000000000 
-4.00000000000000000000 -1.99999999999999999957 -0.99999999999999999989 
-4.00000000000000000043 1.00000000000000000000 1.00000000000000000000 
-4.00000000000000000000 -0.99999999999999999978 -5.00000000000000000000 
4
7.66279999999999999940 5.97210000000000000055 2.98509999999999999995 
7.48399999999999999967 5.97210000000000000055 5.71330000000000000002 
8.56669999999999999974 5.97210000000000000011 1.21240000000000000004 
7.66279999999999999940 5.97210000000000000055 2.98509999999999999995 
7.48399999999999999967 5.97210000000000000055 5.71330000000000000002 
8.56669999999999999974 5.97210000000000000011 1.21240000000000000004 
9.58548670818724296225 8.89060332010982290723 2.55751071595449222399 
9.87515997504862920280 9.60171282063095542485 5.18152621833523035913 
9.71520634525032023530 7.71545192910369241612 0.95698188960471975345 
9.58548670818724296225 8.89060332010982290723 2.55751071595449222399 
9.87515997504862920280 9.60171282063095542485 5.18152621833523035913 
9.71520634525032023530 7.71545192910369241612 0.95698188960471975345 
16
-0.89253927034149530830 -3.92727445511560244651 -0.62913260804288146700 
3.14776667718604913891 -3.16917601709347202996 -0.30955331137397044516 
1.29692173202396273312 3.90152914561074007685 -1.29258524810017079139 
-0.89253927034149530830 -3.92727445511560244651 -0.62913260804288146700 
3.14776667718604913891 -3.16917601709347202996 -0.30955331137397044516 
1.29692173202396273312 3.90152914561074007685 -1.29258524810017079139 
-1.03365450059317511955 -3.63748358598754231155 -0.44573835871822713617 
2.40771707029750693945 -1.64942780568057251861 0.65221985709459842255 
2.56073262519797480033 0.44082316565458110665 5.14831441621774478891 
-1.03365450059317511955 -3.63748358598754231155 -0.44573835871822713617 
2.40771707029750693945 -1.64942780568057251861 0.65221985709459842255 
2.56073262519797480033 0.44082316565458110665 5.14831441621774478891 
-0.69260522790197905736 -4.04865850756631236477 -0.45023677368469500627 
1.78517171394888903577 -2.17928487261873864676 1.88494226879200008334 
4.40777474037686073328 2.01286656406667759079 1.49092594241318700688 
-0.69260522790197905736 -4.04865850756631236477 -0.45023677368469500627 
1.78517171394888903577 -2.17928487261873864676 1.88494226879200008334 
4.40777474037686073328 2.01286656406667759079 1.49092594241318700688 
-0.76676044559716748799 -3.68003119149908761339 -0.47668172471607849866 
2.17406339917791980947 -4.11247450677362944536 2.02362733900063645727 
-1.59197775751239149603 1.10283822316458067839 5.62977451189955543486 
-0.76676044559716748799 -3.68003119149908761339 -0.47668172471607849866 
2.17406339917791980947 -4.11247450677362944536 2.02362733900063645727 
-1.59197775751239149603 1.10283822316458067839 5.62977451189955543486 
-0.90854860727077135546 -3.84696776241075355778 -0.03234616787249941535 
2.91764205557706164510 -3.23701022514957692023 -0.30659848837619168974 
0.61416044641350158421 3.70027049376839908042 -1.28381852538006708099 
-0.90854860727077135546 -3.84696776241075355778 -0.03234616787249941535 
2.91764205557706164510 -3.23701022514957692023 -0.30659848837619168974 
0.61416044641350158421 3.70027049376839908042 -1.28381852538006708099 
-0.76185609204918593889 -4.13019212544349878296 -0.23321850558991471343 
2.14834353245089820393 -1.75169869534646536645 0.74683489579805912737 
3.33027309816128999913 0.74425268840880148781 4.86759918891355160969 
-0.76185609204918593889 -4.13019212544349878296 -0.23321850558991471343 
2.14834353245089820393 -1.75169869534646536645 0.74683489579805912737 
3.33027309816128999913 0.74425268840880148781 4.86759918891355160969 
-1.12403393288331853903 -3.74389326313810262992 -0.16250741122704720230 
1.93374085087852566253 -2.20747132517850741312 2.13756591772664665237 
3.96698203326501241863 2.09649350694637160710 0.74141184819646959846 
-1.12403393288331853903 -3.74389326313810262992 -0.16250741122704720230 
1.93374085087852566253 -2.20747132517850741312 2.13756591772664665237 
3.96698203326501241863 2.09649350694637160710 0.74141184819646959846 
-1.04430143021822450361 -4.10595407311001247153 -0.15354054858842467720 
2.35188145234517767827 -4.10622427772361025481 2.18459077222960107727 
-1.06440586304768913133 1.12138215119676604658 6.10734010153218337489 
-1.04430143021822450361 -4.10595407311001247153 -0.15354054858842467720 
2.35188145234517767827 -4.10622427772361025481 2.18459077222960107727 
-1.06440586304768913133 1.12138215119676604658 6.10734010153218337489 
4
1.97641042189956694366 0.73308058751503083308 3.91927317479017127150 
-3.32682328480861994480 -0.28325200979140194800 1.06894528400323437784 
-2.53724017876121635175 1.27860816745197931811 0.94588587531193387271 
1.97641042189956694366 0.73308058751503083308 3.91927317479017127150 
-3.32682328480861994480 -0.28325200979140194800 1.06894528400323437784 
-2.53724017876121635175 1.27860816745197931811 0.94588587531193387271 
2.64248960887635746860 -1.06365475981466196039 3.30427336549887964404 
-2.67609074487253233154 -2.03859008223223928591 0.46811523888987964252 
-1.16136465068504750081 -2.43278868018214335144 -0.32447837554534969258 
2.64248960887635746860 -1.06365475981466196039 3.30427336549887964404 
-2.67609074487253233154 -2.03859008223223928591 0.46811523888987964252 
-1.16136465068504750081 -2.43278868018214335144 -0.32447837554534969258 
8
-1.24629706935899846180 1.62314853467949923057 -0.56527719798075115381 
-0.24629706935899846191 3.62314853467949923079 -0.56527719798075115370 
2.37685146532050076899 1.31157426733974961540 2.71736140100962442331 
-1.24629706935899846180 1.62314853467949923057 -0.56527719798075115381 
-0.24629706935899846191 3.62314853467949923079 -0.56527719798075115370 
2.37685146532050076899 1.31157426733974961540 2.71736140100962442331 
-0.54153789974846325934 1.27076894987423162945 -0.09384657518865255560 
0.45846210025153674060 3.27076894987423162945 -0.09384657518865255549 
3.27076894987423162967 0.86461552506288418522 1.04692328759432627758 
-0.54153789974846325934 1.27076894987423162945 -0.09384657518865255560 
0.45846210025153674060 3.27076894987423162945 -0.09384657518865255549 
3.27076894987423162967 0.86461552506288418522 1.04692328759432627758 
1.78291721009329084534 0.10854139495335457722 -1.83718790756996813414 
2.78291721009329084545 2.10854139495335457717 -1.83718790756996813414 
2.10854139495335457738 1.44572930252332271142 1.91859395378498406707 
1.78291721009329084534 0.10854139495335457722 -1.83718790756996813414 
2.78291721009329084545 2.10854139495335457717 -1.83718790756996813414 
2.10854139495335457738 1.44572930252332271142 1.91859395378498406707 
1.66009017280727432387 0.16995491359636283796 -2.74506762960545574299 
2.66009017280727432398 2.16995491359636283801 -2.74506762960545574299 
3.83004508640363716177 0.58497745679818141900 1.62746618519727212862 
1.66009017280727432387 0.16995491359636283796 -2.74506762960545574299 
2.66009017280727432398 2.16995491359636283801 -2.74506762960545574299 
3.83004508640363716177 0.58497745679818141900 1.62746618519727212862 
4
-1.29843826219530331795 3.50156173780469668179 -1.49999999999999999957 
3.70156173780469668184 -1.49843826219530331907 4.50000000000000000000 
4.16926956300782780313 0.16926956300782780226 1.50000000000000000000 
-1.29843826219530331795 3.50156173780469668179 -1.49999999999999999957 
3.70156173780469668184 -1.49843826219530331907 4.50000000000000000000 
4.16926956300782780313 0.16926956300782780226 1.50000000000000000000 
-4.50156173780469668266 0.29843826219530331665 -1.50000000000000000000 
0.49843826219530331842 -4.70156173780469668292 4.49999999999999999957 
-1.16926956300782780313 -5.16926956300782780530 1.49999999999999999935 
-4.50156173780469668266 0.29843826219530331665 -1.50000000000000000000 
0.49843826219530331842 -4.70156173780469668292 4.49999999999999999957 
-1.16926956300782780313 -5.16926956300782780530 1.49999999999999999935 
