4
-5.00000000000000000000 0.00000000000000000000 
4.00000000000000000000 0.00000000000000000000 
-2.20705183641648920267 1.13653347225159717378 
1.90528887731236690173 5.14759989581130212016 
-1.64660670016887665133 6.18053969848011014367 
1.48495502512665748839 1.36459522613991739235 
-4.12195121951219512271 7.90243902439024390209 
4.65853658536585365840 5.92682926829268292776 
2
-2.00000000000000000022 1.00000000000000000054 2.00000000000000000000 
1.00000000000000000000 3.00000000000000000000 -2.00000000000000000000 
1.33333333333333333326 3.66666666666666666652 -2.66666666666666666696 
-4.00000000000000000000 2.99999999999999999978 -0.00000000000000000033 
1.00000000000000000000 2.99999999999999999978 -2.00000000000000000000 
2.00000000000000000000 2.99999999999999999978 -1.99999999999999999978 
6
0.87500000000000000000 0.96014321848357602260 -3.25000000000000000000 
-5.25000000000000000000 1.92028643696715204520 3.50000000000000000000 
-5.12500000000000000000 0.96014321848357602255 -0.24999999999999999997 
1.37500000000000000000 0.54486236794258419445 -2.25000000000000000000 
-5.75000000000000000000 -1.08972473588516838880 2.50000000000000000022 
-4.62500000000000000000 0.54486236794258419467 0.75000000000000000022 
0.79166666666666666668 0.94556714315918476827 -2.75000000000000000000 
-4.58333333333333333348 -1.89113428631836953675 3.50000000000000000000 
-4.79166666666666666652 -0.94556714315918476827 -0.25000000000000000000 
0.79166666666666666668 -0.94556714315918476838 -2.75000000000000000000 
-4.58333333333333333348 1.89113428631836953664 3.50000000000000000000 
-4.79166666666666666652 0.94556714315918476827 -0.24999999999999999997 
1.37500000000000000000 -0.54486236794258419424 -2.25000000000000000000 
-5.75000000000000000000 1.08972473588516838847 2.50000000000000000022 
-4.62500000000000000000 -0.54486236794258419440 0.75000000000000000016 
0.87500000000000000000 -0.96014321848357602265 -3.25000000000000000000 
-5.25000000000000000000 -1.92028643696715204531 3.50000000000000000000 
-5.12500000000000000000 -0.96014321848357602255 -0.24999999999999999997 
4
2.96486145175653216782 0.92972290351306433607 -0.35541564473040349623 
0.97657430117102144519 0.95314860234204289071 -0.57027709648693566415 
-5.04685139765795710972 -0.09370279531591421901 3.85944580702612867170 
1.63603885790193516946 -1.72792228419612966172 1.65811657370580550763 
0.09069257193462344627 -0.81861485613075310789 0.77207771580387033849 
-3.18138514386924689255 -4.36277028773849378422 -0.54415543160774067699 
0.61396114209806483130 -3.77207771580387033871 -1.40811657370580550763 
-0.59069257193462344606 -2.18138514386924689255 -1.27207771580387033849 
-1.81861485613075310789 -1.63722971226150621491 3.54415543160774067699 
1.85656711967203926048 -1.28686576065592147850 -3.68029864098388221835 
0.23771141311469284028 -0.52457717377061431900 -2.78686576065592147883 
-6.52457717377061431965 -3.04915434754122863801 -0.57373152131184295766 
8
2.65417673541655794425 -3.79828097583389868953 -0.44379530937451074947 
-5.17291163229172102798 2.10085951208305065523 1.77810234531274462516 
3.91354418385413948601 2.55042975604152532751 2.88905117265637231285 
3.46727886113664971910 -2.77014992208942146049 -0.10275487511492373553 
-4.76636056943167514066 2.61492503895528926976 1.94862256244253813191 
3.88318028471583757033 3.19253748052235536512 1.02568871877873093405 
0.94385151529146198699 -3.09197212048439766746 -0.74733181881157894158 
-3.97192575764573099339 3.54598606024219883373 -1.62633409059421052943 
3.48596287882286549669 2.72700696987890058324 2.81316704529710526444 
1.71596345393454701507 -2.27699003954035552135 -0.22183554270546156778 
-4.35798172696727350748 3.13849501977017776057 -1.88908222864726921611 
4.32100913651636324604 3.06924750988508888028 1.05545888567636539195 
2.53294936445435337835 1.97133669516263756723 -3.89827214004459020238 
-4.76647468222717668939 1.01433165241868121660 -0.05086392997770489881 
4.11676265888641165509 2.00716582620934060814 1.97456803501114755059 
1.87039574086923380929 1.72605785252001580829 -4.91678083391155214179 
-4.43519787043461690464 1.13697107373999209586 0.45839041695577607089 
3.71759893521730845232 3.93151446313000395207 1.77080479152211196455 
4.34013468203999140758 1.76870034660795531854 -4.03060606917996133280 
-4.32993265898000429621 4.88435017330397765883 -0.01530303458998066640 
3.66496632949000214811 2.05782491334801117015 2.00765151729499033320 
3.71857124553187858495 1.73657047676576864166 -5.23357060489345363207 
-4.64071437723406070774 4.86828523838288432062 -0.61678530244672681598 
4.17964281138296964591 3.93414261919144216031 1.69160734877663659209 
8
-1.04534406248829448587 0.73371888392355477963 0.86685944196177738981 
-1.04534406248829448566 3.73371888392355477963 -5.13314055803822261040 
-3.09068812497658897175 -5.53256223215289044074 -1.26628111607644522037 
-1.37344398340248962666 0.30290456431535269714 0.65145228215767634857 
-1.37344398340248962688 3.30290456431535269736 -5.34854771784232365132 
-6.25311203319502074711 -3.60580912863070539385 -0.30290456431535269692 
-1.09883787418743208411 0.85188289846128041692 0.59260811589730687514 
-2.90116212581256791622 4.14811710153871958297 -4.59260811589730687503 
-3.19767574837486416844 -5.29623420307743916595 -1.81478376820538624950 
-1.45436482854386714663 0.43282302175689544378 0.38307817754511438860 
-2.54563517145613285326 4.56717697824310455606 -4.38307817754511438871 
-6.09127034291226570695 -3.86564604351379088746 0.23384364490977122301 
-2.95227417560551044697 1.07478417049759971530 0.70405875191546652434 
-1.04772582439448955303 3.92521582950240028459 -4.70405875191546652423 
-3.09545164878897910606 -5.14956834099519943082 -0.40811750383093304862 
-2.80987581875862600764 1.58518487470607781281 0.95925910401970557298 
-1.19012418124137399279 3.41481512529392218741 -4.95925910401970557314 
-6.61975163751725201484 -3.82963025058784437438 -1.08148179196058885393 
-3.00000000000000000043 1.00000000000000000011 1.00000000000000000000 
-3.00000000000000000022 4.00000000000000000000 -5.00000000000000000000 
-2.99999999999999999935 -5.00000000000000000043 -1.00000000000000000011 
-2.83017460971087563893 1.49864626130466098821 1.24932313065233049410 
-2.83017460971087563872 4.49864626130466098821 -4.75067686934766950611 
-6.66034921942175127786 -4.00270747739067802359 -0.50135373869533901185 
2
2.00000000000000000824 -6.00000000000000001518 -3.99999999999999997745 
-1.99999999999999998764 -6.00000000000000002255 -1.99999999999999996617 
3.00000000000000000412 -6.00000000000000000954 -4.99999999999999998872 
1.42857142857142856314 -4.85714285714285712693 -5.71428571428571431155 
-2.85714285714285715469 -4.28571428571428568975 -4.57142857142857146537 
2.71428571428571428076 -5.42857142857142856455 -5.85714285714285715816 
8
0.30646120592180545037 -4.62092457335187547325 1.93968640511204674405 
4.30646120592180545053 2.37907542664812452675 -0.06031359488795325606 
-4.54030819111729182442 4.56861313997218678991 0.90952960766807011608 
-0.90062833550444319460 -4.05282750976999437591 1.51384704479613329512 
3.09937166449555680562 2.94717249023000562409 -0.48615295520386670532 
-3.64905749674333520832 2.57924126465499156365 -4.27077056719419994235 
1.28542057047302952372 -4.21560743287136714327 1.31621512589627404619 
2.71457942952697047628 1.21560743287136714306 -3.31621512589627404641 
-3.07186914429045571442 5.17658885069294928509 -0.02567731115558893082 
0.10436597804564038728 -3.53035309879461825706 1.35249611031011687215 
3.89563402195435961282 0.53035309879461825760 -3.35249611031011687172 
-5.15654896706846058076 1.79552964819192738656 -4.02874416546517530747 
-0.07834850917368350179 -4.35256829128157575817 -1.89068603783288215745 
4.07834850917368350182 1.35256829128157575817 -0.10931396216711784298 
-4.88247723623947474728 3.02885243692236363748 0.83602905674932323542 
1.11785019704230219892 -4.96967411330964010463 -1.65815900249913596750 
2.88214980295769780129 1.96967411330964010452 -0.34184099750086403282 
-3.32322470443654670162 4.04548883003553984327 -4.48723850374870395115 
-1.08041608003170250317 -4.86187236014266126443 -1.67738542056271943120 
2.91958391996829749672 2.13812763985733873557 -3.67738542056271943141 
-3.37937587995244624562 3.79280854021399189643 0.51607813084407914636 
0.08974767718542368913 -5.59613545266559339868 -1.90697872995872951636 
4.08974767718542368908 1.40386454733440660110 -3.90697872995872951679 
-4.86537848422186446637 3.10579682100160990176 -4.86046809493809427519 
4
-4.91505983047245213324 -2.92456015648696726074 -2.60380013040580605087 
-2.91505983047245213324 -4.92456015648696726096 2.39619986959419394891 
-2.74517949141735640318 -1.77368046946090178223 2.18859960878258184847 
-3.81840193704600484176 -2.24455205811138014415 -2.37046004842615012031 
-2.18159806295399515781 -5.75544794188861985346 1.37046004842615012226 
-0.54479418886198547402 -4.26634382566585956299 -0.88861985472154963550 
-2.99999999999999999848 -2.99999999999999999957 -2.99999999999999999978 
-2.99999999999999999805 -5.00000000000000000043 1.99999999999999999989 
-2.99999999999999999935 -2.00000000000000000130 0.99999999999999999967 
-3.85975857146459387127 -3.89868439557114411856 -3.41557032964262009887 
-1.85975857146459387106 -5.89868439557114411899 1.58442967035737990091 
0.42072428560621838683 -4.69605318671343235741 -0.24671098892786029791 
6
-1.85113130017195808767 -2.96355078143866577044 -4.77772089211883879646 
2.74434349914020956165 -1.81775390719332885330 -2.88860446059419398207 
-0.85113130017195808767 -0.96355078143866577066 3.22227910788116120354 
-2.01654363358981155883 -2.88124071996620636019 -4.52762186580972196505 
1.91728183205094220639 -1.40620359983103179963 -1.63810932904860982609 
-0.98345636641018844128 0.88124071996620635954 2.52762186580972196548 
-1.13872548388351149651 -1.49209236841081956788 -4.98463622241185617089 
-2.30637258058244251548 0.46046184205409784024 -4.07681888794071914600 
-1.86127451611648850284 -0.50790763158918043185 2.98463622241185617089 
-1.67486192291019189899 -1.05471790499431713421 -5.02696278338764672910 
0.37430961455095949594 -1.72641047502841432724 -3.86518608306176635558 
-1.32513807708980810079 -0.94528209500568286536 3.02696278338764672888 
-2.90143482539941793613 -2.15935580033205378912 -4.59748169674205931076 
-2.50717412699708967934 2.20322099833973105440 -1.98740848371029655379 
-0.09856517460058206409 0.15935580033205378912 2.59748169674205931076 
-2.99062512070625235094 -2.03396371731858360832 -4.86768093058207255422 
-2.95312560353126175774 2.83018141340708195841 -3.33840465291036276999 
-1.99062512070625235094 -0.03396371731858360832 3.13231906941792744600 
