2
-5.00000000000000000000 -4.00000000000000000000 2.00000000000000000000 0.00000000000000000000 
-0.52670476932745304423 0.65267047693274530434 -4.91602286159647182667 -3.08397713840352817333 
-1.00000000000000000000 0.00000000000000000000 -4.00000000000000000000 0.00000000000000000000 
0.99999999999999999995 2.00000000000000000000 -4.00000000000000000000 3.00000000000000000000 
-4.99999999999999999957 -3.99999999999999999957 2.00000000000000000065 -0.00000000000000000060 
-2.50219696477659319864 0.85021969647765931969 -6.10131817886595591901 -1.89868182113404408099 
-1.00000000000000000011 -0.00000000000000000014 -4.00000000000000000000 0.00000000000000000012 
0.99999999999999999984 1.99999999999999999967 -4.00000000000000000043 3.00000000000000000043 
2
-3.00000000000000000000 -0.78943238437351001806 -0.53943238437351001796 -4.91666666666666666652 
-3.00000000000000000000 4.00000000000000000000 -3.00000000000000000000 -5.00000000000000000000 
-3.00000000000000000000 3.00000000000000000000 -2.00000000000000000000 4.00000000000000000000 
-2.00000000000000000000 2.00000000000000000000 -1.00000000000000000000 1.00000000000000000000 
-2.99999999999999999978 1.53943238437351001806 1.78943238437351001817 -4.91666666666666666652 
-3.00000000000000000000 4.00000000000000000000 -3.00000000000000000000 -5.00000000000000000000 
-3.00000000000000000000 3.00000000000000000000 -2.00000000000000000000 4.00000000000000000000 
-2.00000000000000000000 1.99999999999999999989 -1.00000000000000000000 1.00000000000000000000 
4
3.54118016077845113336 -4.26929599274605034442 -4.44973187319072650738 -3.59425703623603690832 
2.85295040194612783296 -3.17323998186512586214 2.87567031702318373176 -0.48564259059009226962 
3.99999999999999999978 1.99999999999999999967 -2.00000000000000000022 3.00000000000000000043 
-4.00000000000000000000 -1.00000000000000000000 -1.00000000000000000000 -2.00000000000000000000 
4.21265747773046736122 -3.49937454155176603425 -2.10503038242768460045 -4.66163331592322507761 
3.46835630567383159674 1.24843635387941508466 -0.73742404393078849530 -4.84591671019193730554 
4.00000000000000000000 2.00000000000000000000 -2.00000000000000000043 3.00000000000000000000 
-4.00000000000000000000 -1.00000000000000000011 -0.99999999999999999957 -2.00000000000000000000 
4.08352437160548749611 -1.66937395189490851190 -2.66583701474188287375 -5.66518202638021146087 
3.79118907098628126016 -3.32656512026272871809 0.66459253685470718676 -2.33704493404947134935 
4.00000000000000000000 1.99999999999999999946 -2.00000000000000000065 3.00000000000000000022 
-4.00000000000000000000 -0.99999999999999999957 -0.99999999999999999957 -2.00000000000000000022 
3.35262198774810341213 -1.59715731208740835325 -5.26861308177966518231 -5.05962340950045348382 
2.38155496937025853012 3.50710671978147911715 0.82846729555083704444 -4.14905852375113370955 
4.00000000000000000000 1.99999999999999999989 -2.00000000000000000000 3.00000000000000000000 
-4.00000000000000000000 -1.00000000000000000011 -0.99999999999999999989 -2.00000000000000000000 
1
-1.00000000000000000000 -4.00000000000000000000 0.00000000000000000000 4.00000000000000000000 
-0.99999999999999999978 -5.00000000000000000000 -5.00000000000000000000 -4.00000000000000000000 
-3.00000000000000000022 -4.00000000000000000000 -0.00000000000000000011 -0.99999999999999999989 
-4.00000000000000000000 2.00000000000000000000 -0.00000000000000000011 -3.00000000000000000000 
4
1.29920470473776933612 -4.79469508775226382772 0.43819576069474911926 4.52413769417436717728 
1.89761411421330800824 1.61591473674320851739 4.31458728208424735799 -0.42758691747689846750 
-3.00000000000000000000 -1.00000000000000000000 -4.00000000000000000000 0.99999999999999999995 
-0.00000000000000000004 2.00000000000000000000 -3.00000000000000000000 3.00000000000000000000 
1.49418188206412804451 -4.67918029503470211386 0.79195062046918720340 3.88152230922126750259 
5.51745435380761586625 0.03754088510410634211 0.62414813859243838991 -1.64456692766380250745 
-2.99999999999999999978 -1.00000000000000000011 -4.00000000000000000000 1.00000000000000000000 
-0.00000000000000000011 2.00000000000000000000 -2.99999999999999999978 3.00000000000000000000 
2.58181884244230194997 -4.98027753265351861905 -0.44930737951042369442 3.32234172507203685061 
2.25454347267309415052 0.94083259796055585661 4.34792213853127108283 0.03297482478388944795 
-3.00000000000000000022 -1.00000000000000000000 -4.00000000000000000000 1.00000000000000000022 
-0.00000000000000000019 2.00000000000000000000 -2.99999999999999999978 3.00000000000000000022 
2.45468046099307652514 -5.11457255699808333157 -0.88048278599209863317 3.93007953700355952662 
5.36404138297922957563 0.65628232900575000463 0.35855164202370410015 -2.20976138898932141993 
-3.00000000000000000000 -1.00000000000000000000 -4.00000000000000000000 1.00000000000000000000 
-0.00000000000000000009 2.00000000000000000000 -2.99999999999999999978 3.00000000000000000000 
2
-0.72727272727272727275 1.52272727272727272725 0.95454545454545454539 0.44245278031663147576 
0.09090909090909090923 1.09090909090909090901 -4.18181818181818181846 1.76981112126652590291 
-0.99999999999999999978 0.99999999999999999984 -5.00000000000000000000 -0.00000000000000000015 
-3.00000000000000000000 -0.99999999999999999989 4.00000000000000000000 0.00000000000000000005 
-0.72727272727272727269 1.52272727272727272725 0.95454545454545454544 -0.44245278031663147532 
0.09090909090909090923 1.09090909090909090901 -4.18181818181818181846 -1.76981112126652590107 
-0.99999999999999999978 0.99999999999999999984 -5.00000000000000000000 0.00000000000000000015 
-3.00000000000000000000 -0.99999999999999999989 4.00000000000000000000 -0.00000000000000000005 
4
3.59813084112149532716 3.57009345794392523362 0.63551401869158878502 1.82334029501525728047 
-1.10280373831775700948 -0.64485981308411214946 2.45327102803738317759 2.73501044252288592071 
2.00000000000000000000 -5.00000000000000000000 -1.00000000000000000000 0.00000000000000000000 
1.00000000000000000000 -3.00000000000000000000 -5.00000000000000000000 0.00000000000000000009 
1.35514018691588785011 3.68224299065420560733 1.25233644859813084116 1.06291720986227297501 
0.46728971962616822414 0.47663551401869158877 2.62149532710280373836 -1.59437581479340946208 
2.00000000000000000000 -5.00000000000000000000 -1.00000000000000000000 0.00000000000000000000 
1.00000000000000000000 -3.00000000000000000000 -5.00000000000000000000 0.00000000000000000000 
1.35514018691588785021 3.68224299065420560733 1.25233644859813084116 -1.06291720986227297490 
0.46728971962616822435 0.47663551401869158879 2.62149532710280373836 1.59437581479340946219 
2.00000000000000000000 -5.00000000000000000000 -1.00000000000000000000 0.00000000000000000000 
0.99999999999999999995 -3.00000000000000000000 -5.00000000000000000000 -0.00000000000000000003 
3.59813084112149532694 3.57009345794392523362 0.63551401869158878513 -1.82334029501525727939 
-1.10280373831775700948 -0.64485981308411214935 2.45327102803738317759 -2.73501044252288591898 
1.99999999999999999989 -5.00000000000000000000 -1.00000000000000000000 0.00000000000000000020 
1.00000000000000000000 -3.00000000000000000000 -5.00000000000000000000 -0.00000000000000000020 
