2
0.87529902651936893629 -0.23940890119703478727 1.58353268434624595775 0.35411682891343851073 
-0.12470097348063106349 5.76059109880296521273 -2.41646731565375404182 -0.64588317108656148938 
-1.59352573011047329789 -0.67955667589777609067 3.93764951325968446815 0.76558762168507888323 
-1.12470097348063106371 3.76059109880296521273 1.58353268434624595775 2.35411682891343851083 
-4.53047144031247238372 -3.39277500684894222347 -2.02031429354164825530 1.25507857338541206366 
-5.53047144031247238372 2.60722499315105777674 -6.02031429354164825509 0.25507857338541206372 
-5.64785358023435428735 -3.04458125513670666744 1.23476427984376380858 1.44130893003905904775 
-6.53047144031247238328 0.60722499315105777664 -2.02031429354164825509 3.25507857338541206366 
8
4.37753704274959014667 -3.45365170437719042648 -4.22589724909391963644 3.77102217682228860922 
-2.62246295725040985333 -2.45365170437719042626 -0.22589724909391963677 3.77102217682228860944 
0.00000000000000000004 -5.00000000000000000000 -5.00000000000000000000 -3.00000000000000000000 
-2.86738887175122956000 -0.36095511313157127879 -1.67769174728175890976 -5.68693346953313417190 
4.39872683388164757321 -2.50078795564784703547 -4.42703105179515498833 3.48666693939558625407 
-2.60127316611835242700 -1.50078795564784703547 -0.42703105179515498828 3.48666693939558625407 
-0.00000000000000000018 -5.00000000000000000000 -5.00000000000000000043 -2.99999999999999999978 
-5.19618050164494271964 -0.49763613305645889424 -5.71890684461453503587 -3.46000081818675876200 
4.09212490899448349743 -3.58273518543034469818 -4.19309761290206770446 3.97099581926896505794 
-3.09212490899448349765 -1.41726481456965530182 -1.80690238709793229576 4.02900418073103494185 
0.00000000000000000000 -5.00000000000000000000 -5.00000000000000000000 -3.00000000000000000000 
-3.72362527301654950684 -0.74820555629103409432 -1.57929283870620311317 -5.08701254219310482641 
4.22944021445141580921 -2.60953306978534525372 -4.19609635726368602028 3.61447218310928961005 
-3.22944021445141580943 -2.39046693021465474650 -1.80390364273631398015 4.38552781689071039016 
-0.00000000000000000009 -5.00000000000000000000 -5.00000000000000000043 -2.99999999999999999978 
-4.68832064335424742807 -0.17140079064396423884 -6.41171092820894193958 -3.84341654932786882994 
3.34726671948371406334 -2.76403803218081844072 -5.70127373285829577854 4.16271559806096866103 
-2.34726671948371406356 -2.23596196781918155907 -0.29872626714170422152 3.83728440193903133897 
0.00000000000000000007 -5.00000000000000000000 -5.00000000000000000000 -3.00000000000000000000 
-2.04180015845114219068 0.29211409654245532248 -1.89617880142511266439 -5.48814679418290598308 
3.45219121118782545378 -3.69481396866201927112 -5.28496188825580063804 4.36869472751039096114 
-2.45219121118782545422 -1.30518603133798072953 -0.71503811174419936228 3.63130527248960903930 
0.00000000000000000000 -5.00000000000000000000 -5.00000000000000000000 -3.00000000000000000000 
-5.64342636643652363800 -1.08444190598605781205 -4.85488566476740191370 -3.89391581746882711745 
3.57490031776223047438 -2.64507395564616302423 -5.83265595500455591394 3.99864952003477202159 
-3.42509968223776952562 -1.64507395564616302423 -1.83265595500455591373 3.99864952003477202159 
0.00000000000000000000 -5.00000000000000000000 -5.00000000000000000000 -3.00000000000000000000 
-2.72470095328669142335 -0.06477813306151092721 -1.50203213498633225925 -4.99594856010431606456 
3.56369929514146697937 -3.59618825904301990786 -5.61447916874167780909 4.27679704821716741379 
-3.43630070485853302063 -2.59618825904301990786 -1.61447916874167780887 4.27679704821716741379 
-0.00000000000000000019 -5.00000000000000000043 -5.00000000000000000043 -2.99999999999999999978 
-5.30890211457559906081 -0.78856477712905972250 -5.84343750622503342596 -4.16960885534849775864 
4
-2.46734424494778414394 4.36206306015364362206 -4.68058511357099943633 4.69509878248309537197 
-2.86937697979113657556 5.44825224061457448867 3.27765954571600225467 0.78039512993238148919 
-0.40203273484335243194 2.08618918046093086639 -2.04175534071299830921 3.08529634744928611657 
-3.93468848989556828745 2.72412612030728724455 4.63882977285800112734 2.39019756496619074481 
-2.67809311118883952249 3.69528797147210382205 -4.96136675786266034133 3.10443648622317610870 
-6.28762755524464190919 5.21884811411158471093 1.84546703145064136574 1.58225405510729556346 
-2.96572066643348143189 1.91413608558368853341 -3.11589972641201897558 3.68669054133047167259 
-5.64381377762232095460 2.60942405705579235546 3.92273351572532068287 2.79112702755364778173 
-2.83940502730706516841 3.61670011490168619986 -5.01927359954612595802 3.09064914296520810489 
-5.64237989077173932636 5.53319954039325520015 2.07709439818450383123 1.63740342813916757892 
-2.48178491807880449477 2.14989965529494140000 -2.94217920136162212658 3.72805257110437568424 
-5.32118994538586966318 2.76659977019662760029 4.03854719909225191561 2.81870171406958378978 
-3.75327058326198077461 3.73558612610313757127 -5.14219969655558284231 4.58519054843914694239 
-8.01308233304792309846 2.94234450441255028551 1.43120121377766863118 0.34076219375658776890 
-4.25981174978594232406 0.20675837830941271413 -3.42659908966674852651 2.75557164531744082673 
-6.50654116652396154923 1.47117225220627514276 3.71560060688883431559 2.17038109687829388456 
6
2.58630363677253186008 -2.09678841866079992517 0.36574313238186587408 2.31133481975893590918 
-3.41369636322746814014 -1.09678841866079992506 -4.63425686761813412614 -2.68866518024106409017 
-1.13789878774248937997 3.30107052711306669154 -3.54475228920604470842 -3.22955506008035469708 
-5.55159515096995751990 2.20428210845226676636 -1.17900915682417883456 -1.91822024032141878747 
3.68010245979764402777 -1.14353457780492322789 0.19770216325251443513 1.35746796942932808632 
-2.31989754020235597223 -0.14353457780492322757 -4.80229783674748556509 -3.64253203057067191347 
-1.22670081993254800922 2.38117819260164107582 -2.39923405441750481164 -4.45248932314310936218 
-4.09319672026980796312 3.47528722959343569607 -1.40306378232998075323 -3.19004270742756255151 
0.09958279192925028190 -3.13107140127374371165 1.39809494691993292485 0.45619142251021799423 
-0.09958279192925028212 -1.86892859872625628835 -2.39809494691993292485 -5.45619142251021799423 
-0.03319426397641676060 3.04369046709124790396 -2.79936498230664430821 -4.15206380750340599793 
-1.13277705590566704240 1.17476186836499161561 1.80254007077342276693 -5.60825523001362399216 
1.94681323126876131674 -3.22420907048413922600 2.39156341849748507798 -2.77258111011682650284 
-1.94681323126876131653 -1.77579092951586077378 -3.39156341849748507798 -2.22741888988317349673 
-0.64893774375625377221 3.07473635682804640867 -3.13052113949916169266 -3.07580629662772449891 
-3.59575097502501508885 1.29894542731218563477 0.47791544200335322941 -1.30322518651089799585 
4.94790085420401297336 -1.20745718592625275452 0.87954331654669605284 -0.85851577877676217153 
-1.05209914579598702675 -0.20745718592625275452 -4.12045668345330394705 -5.85851577877676217131 
-1.64930028473467099105 2.40248572864208425151 -2.62651443884889868432 -3.71382807374107927608 
-2.40279886106131603581 3.39005708543166299376 -0.49394224460440526285 -6.14468770503568289523 
5.06075518675687990519 -2.22155068168522083533 1.69654060464235557915 -2.01375696508765563179 
-0.93924481324312009481 -1.22155068168522083522 -3.30345939535764442085 -7.01375696508765563222 
-0.31308160441437336526 3.25948310610492638815 -3.10115313178588147369 -4.67125232169588521045 
-2.25232641765749345996 2.03793242441970555304 0.59538747285647410546 -7.68500928678354084268 
10
-3.32118595962443087836 1.56737415994559161356 3.60423898448227006093 -1.06228678104773957796 
4.67881404037556912186 -1.43262584005440838644 -0.39576101551772993863 3.93771321895226042204 
-3.16059297981221543885 -5.21631292002720419344 2.80211949224113503112 3.96885660947613021091 
4.41970351009389228036 0.89184353998639790339 -0.09894025387943248466 -2.01557169526193489455 
-3.41015057415976527476 3.01512610552272913834 -1.76210991940548807413 2.05562864644487146336 
1.41015057415976527476 -2.01512610552272913834 -2.23789008059451192587 0.94437135355512853664 
-3.20507528707988263738 -4.49243694723863543072 0.11894504029725596294 5.52781432322243573146 
4.39746235646005868142 1.25378152638068228464 -1.44052747985137201859 -1.23609283838878213405 
-2.35753774309385447636 3.18128126177686046980 -0.15552783090990789176 1.75640688128835713126 
0.35753774309385447680 -2.18128126177686046958 -3.84447216909009210819 1.24359311871164286917 
-2.67876887154692723807 -4.40935936911156976499 0.92223608454504605409 5.37820344064417856563 
3.33938443577346361904 0.70467968455578488250 -0.96111804227252302705 -2.68910172032208928303 
-3.30538096769020733326 1.39885584903392261509 0.29155132446084782596 2.56116411729336356244 
1.30538096769020733304 -0.39885584903392261509 -4.29155132446084782577 0.43883588270663643734 
-4.84730951615489633359 -4.69942792451696130743 0.85422433776957608701 2.21941794135331821845 
4.42365475807744816701 0.84971396225848065372 -0.92711216888478804345 -1.10970897067665910912 
-2.45827924960547361684 1.01878409973282012474 1.17343633033859303706 1.68326632347932429062 
0.45827924960547361663 -0.01878409973282012463 -5.17343633033859303695 1.31673367652067570916 
-5.27086037519726319234 -4.50939204986641006215 0.41328183483070348115 2.65836683826033785393 
3.36456981240136840427 1.24530397506679496881 -1.29335908258464825924 -2.67081658086983107260 
-3.27628835088173710243 -1.15539798523830124547 -1.71112207942507293923 -0.62007509327225973530 
1.27628835088173710254 2.15539798523830124547 -2.28887792057492706066 3.62007509327225973530 
-4.86185582455913144900 -3.42230100738084937651 1.85556103971253647010 3.81003754663612986754 
3.56907208772043427572 1.78884949630957531131 -0.57221948014373176522 -2.09498122668193506612 
-4.08999053048275247255 -0.68655377838836841226 -2.47522976538654819099 0.35186876943014435499 
2.08999053048275247211 1.68655377838836841248 -1.52477023461345180880 2.64813123056985564490 
-4.45500473475862376373 -3.65672311080581579354 2.23761488269327409560 3.32406561528492782245 
4.22750236737931188186 0.32836155540290789683 -1.61880744134663704780 -1.66203280764246391122 
-3.27179234216802128431 0.75128877476394342828 -3.37947825922407505566 -0.81794159505205993256 
1.27179234216802128409 0.24871122523605657183 -0.62052174077592494390 3.81794159505205993256 
-3.13589617108401064204 -5.62435561261802828602 -0.68973912961203752805 4.09102920247397003383 
3.56794808554200532091 1.31217780630901414301 -0.15513043519398123581 -2.04551460123698501691 
-3.87998340878785957266 1.76635988716911008318 -3.41888886256771533574 0.73267829630786909800 
1.87998340878785957255 -0.76635988716911008318 -0.58111113743228466361 2.26732170369213090156 
-3.43999170439392978633 -5.11682005641544495819 -0.70944443128385766787 4.86633914815393454900 
4.28000414780303510684 0.94158997179227752080 -1.85472221564192883388 -1.56683042592303272550 
-4.24022695145961297071 -0.87534005519528710628 0.36341022380031215606 -3.65011273174154178577 
3.75977304854038702929 -3.87534005519528710650 -3.63658977619968784394 1.34988726825845821423 
-3.62011347572980648536 -6.43767002759764355325 1.18170511190015607803 2.67494363412922910722 
4.18994326213509675743 0.28116498620117822343 -0.90914744404992196098 -2.66252818293538544639 
14
0.10148156716947235125 3.39135816750467614079 -2.69555529849158294667 -2.13753046432024013915 
3.10148156716947235125 3.39135816750467614057 -3.69555529849158294689 -2.13753046432024013958 
2.20296313433894470251 2.78271633500935228114 0.60888940301683410627 -3.27506092864048027917 
-3.89851843283052764853 -3.60864183249532385900 -3.69555529849158294667 1.86246953567975986118 
0.09453663295573738870 3.15756105492622898097 -2.71639010113278783439 -2.05882904620655885343 
3.09453663295573738875 3.15756105492622898075 -3.71639010113278783461 -2.05882904620655885386 
2.18907326591147477751 2.31512210985245796171 0.56721979773442433111 -3.11765809241311770707 
-4.09453663295573738875 -4.15756105492622898053 -4.28360989886721216539 0.05882904620655885457 
0.30230820768420018046 2.83718034614033363374 -2.09307537694739945926 -2.75589503080706582552 
3.30230820768420018025 2.83718034614033363374 -3.09307537694739945969 -2.75589503080706582573 
1.39538358463159963907 2.32563930771933273251 -1.81384924610520108148 -5.48820993838586834853 
-3.69769179231579981910 -4.16281965385966636669 -3.09307537694739945796 1.24410496919293417470 
0.27604214793810472894 2.57118135767461899262 -2.17187355618568581376 -2.76735886517773348788 
3.27604214793810472875 2.57118135767461899284 -3.17187355618568581420 -2.76735886517773348788 
1.44791570412379054186 2.85763728465076201498 -1.65625288762862837323 -5.46528226964453302467 
-4.27604214793810472875 -3.57118135767461899305 -4.82812644381431418537 0.76735886517773348799 
0.60447689085317191484 3.11857259586639763553 -3.18656932744048425614 -2.23466339824075328692 
2.39552310914682808516 2.88142740413360236447 -3.81343067255951574408 -3.76533660175924671286 
3.20895378170634382946 2.23714519173279527105 -0.37313865488096851201 -3.46932679648150657428 
-3.39552310914682808516 -3.88142740413360236426 -4.18656932744048425592 1.76533660175924671308 
0.57905695018035102314 2.85398380585614059365 -3.26282914945894693122 -2.24217867693613967062 
2.42094304981964897707 3.14601619414385940635 -3.73717085054105306900 -3.75782132306386032917 
3.15811390036070204585 1.70796761171228118751 -0.52565829891789386217 -3.48435735387227934166 
-4.57905695018035102314 -3.85398380585614059365 -3.73717085054105306900 0.24217867693613967089 
0.79647511087547501906 2.54968074034801392056 -2.61057466737357494308 -2.89422726035889435600 
2.20352488912452498067 3.45031925965198607966 -4.38942533262642505714 -3.10577273964110564400 
0.40704977824904996166 2.90063851930397215910 -0.77885066525285011384 -5.21154547928221128800 
-3.20352488912452498045 -4.45031925965198607966 -3.61057466737357494286 1.10577273964110564411 
0.69762992663792262280 2.38493876661875992733 -2.90711022008623213111 -3.35550478680080553704 
2.30237007336207737704 3.61506123338124007267 -4.09288977991376786911 -2.64449521319919446296 
0.60474014672415475407 3.23012246676248014534 -0.18577955982753573792 -4.28899042639838892592 
-3.30237007336207737704 -4.61506123338124007267 -3.90711022008623213089 0.64449521319919446285 
0.40057863395684083110 2.55651994548362360756 -3.79826409812947750604 -3.07507748597918723174 
2.59942136604315916890 3.44348005451637639222 -3.20173590187052249396 -2.92492251402081276826 
2.80115726791368166242 1.11303989096724721512 -1.59652819625895501263 -5.15015497195837446392 
-4.40057863395684083175 -3.55651994548362360713 -3.20173590187052249287 1.07507748597918723196 
0.38373318417362336916 2.75066641806715006004 -3.84880044747912989202 -3.26480069607864649851 
2.61626681582637663111 3.24933358193284993996 -3.15119955252087010841 -2.73519930392135350149 
2.76746636834724673844 1.50133283613430011986 -1.69760089495825978437 -5.52960139215729299745 
-3.61626681582637663132 -4.24933358193284993996 -4.84880044747912989115 0.73519930392135350171 
0.09480458303724360976 2.26911874950651712792 -2.71558625088826917056 -3.61313416804841870938 
3.09480458303724360988 2.26911874950651712771 -3.71558625088826917056 -3.61313416804841870959 
1.81039083392551278045 3.46176250098696574480 -0.56882749822346165893 -3.77373166390316258081 
-4.09480458303724360967 -3.26911874950651712771 -4.28441374911173082944 1.61313416804841870959 
0.07711301418075158814 2.46185502363458598050 -2.76866095745774523531 -3.80680593382315925460 
3.07711301418075158808 2.46185502363458598050 -3.76866095745774523531 -3.80680593382315925460 
1.84577397163849682362 3.07628995273082803900 -0.46267808508450952937 -3.38638813235368149037 
-3.92288698581924841170 -4.53814497636541401906 -3.76866095745774523553 0.19319406617684074551 
-0.22958486446699140799 2.61735855922168098703 -3.68875459340097422347 -3.57139603417929323622 
2.77041513553300859196 2.61735855922168098682 -4.68875459340097422347 -3.57139603417929323665 
1.54083027106601718392 1.23471711844336197385 -1.37750918680194844683 -6.14279206835858647287 
-3.77041513553300859174 -3.61735855922168098638 -3.31124540659902577566 1.57139603417929323709 
-0.22795530779112294071 2.84229670923701732135 -3.68386592337336882166 -3.67490254746968483357 
2.77204469220887705916 2.84229670923701732135 -4.68386592337336882166 -3.67490254746968483378 
1.54408938441775411853 1.68459341847403464270 -1.36773184674673764310 -6.34980509493936966714 
-4.22795530779112294041 -4.15770329076298267865 -4.68386592337336882079 0.32509745253031516708 
12
-2.58457199567227378857 2.50365627330251352425 4.23897146637815158601 -2.40433975699156995639 
-0.58457199567227378847 -2.49634372669748647575 1.23897146637815158590 -3.40433975699156995639 
-0.33828798268909515343 -1.98537490678994590215 -4.04411413448739365684 -0.61735902796627982600 
-5.58457199567227378836 0.50365627330251352435 -4.76102853362184841399 -3.40433975699156995639 
-2.82379644206244592849 2.53684545550424957639 4.12158642947082972871 -2.69657945005862892548 
-0.82379644206244592827 -2.46315454449575042340 1.12158642947082972849 -3.69657945005862892569 
-1.29518576824978371266 -1.85261817798300169337 -4.51365428211668108602 -1.78631780023451570277 
-4.17620355793755407238 1.46315454449575042296 -5.12158642947082972828 -4.30342054994137107431 
-1.26855965672234774857 3.45487519302573345219 3.61790397711482318317 -2.66520720991783230717 
0.73144034327765225148 -1.54512480697426654781 0.61790397711482318317 -3.66520720991783230717 
-0.92576137311060900594 -1.81950077210293380855 -3.47161590845929273266 -4.33917116032867077090 
-4.26855965672234774835 1.45487519302573345219 -5.38209602288517681683 -3.66520720991783230717 
-1.63424421360314017196 3.29415887247518506930 3.50894961424020934444 -2.26613163230283372416 
0.36575578639685982788 -1.70584112752481493092 0.50894961424020934476 -3.26613163230283372438 
0.53697685441256068817 -1.17663548990074027676 -3.03579845696083737861 -5.93547347078866510336 
-5.36575578639685982782 0.70584112752481493103 -4.50894961424020934487 -4.73386836769716627541 
-1.41915570675252249264 2.82396124964613217680 3.76127704711683483272 -2.24194880308621036918 
-0.58084429324747750676 -1.82396124964613217702 1.23872295288316516706 -4.75805119691378962995 
-0.32337717298991002770 0.70415500141547129252 -4.04510818846733933131 -6.03220478765515852066 
-4.41915570675252249253 0.82396124964613217675 -5.23872295288316516728 -3.24194880308621036918 
-1.73050155651394598562 2.74656428001194948766 3.64870010376759639869 -2.13992482439042860823 
-0.26949844348605401405 -1.74656428001194948809 1.35129989623240360087 -4.86007517560957139069 
0.92200622605578394335 1.01374287995220204849 -3.59480041507038559565 -6.44030070243828556449 
-5.26949844348605401373 1.25343571998805051191 -4.64870010376759639934 -4.86007517560957139026 
-1.44184768803746463052 3.18916687834255423357 3.62945651253583097566 -3.71789930539519335477 
-0.55815231196253536975 -2.18916687834255423379 1.37054348746416902467 -3.28210069460480664480 
-0.23260924785014147815 -0.75666751337021693460 -3.51782605014332390176 -0.12840277841922658007 
-5.55815231196253536992 0.81083312165744576621 -4.62945651253583097522 -3.28210069460480664437 
-1.18948181163228831035 3.17612788883049125760 3.74596545410881922081 -3.49749942974349057093 
-0.81051818836771168976 -2.17612788883049125760 1.25403454589118077930 -3.50250057025650942907 
-1.24207275347084675817 -0.70451155532196503019 -3.98386181643527688325 -1.01000228102603771649 
-4.18948181163228831067 1.17612788883049125749 -5.25403454589118077897 -4.49749942974349057071 
-1.44397479963392360637 3.58590530722798380391 3.49626498664226157374 -3.30627109533455095305 
0.55602520036607639385 -1.41409469277201619599 0.49626498664226157369 -4.30627109533455095305 
-0.22410080146430557519 -2.34362122891193521584 -2.98505994656904629497 -1.77491561866179618767 
-5.55602520036607639385 0.41409469277201619582 -4.49626498664226157374 -3.69372890466544904673 
-1.24594763034811621693 3.48954696679955513397 3.61639650868987441441 -2.78881962076363134695 
0.75405236965188378307 -1.51045303320044486603 0.61639650868987441447 -3.78881962076363134695 
-1.01620947860753513227 -1.95818786719822053588 -3.46558603475949765786 -3.84472151694547461176 
-4.24594763034811621683 1.48954696679955513419 -5.38360349131012558581 -3.78881962076363134695 
-2.63121091186187550538 2.83214326847845755870 4.10874739412412503387 -3.74938034848841390476 
-0.63121091186187550548 -2.16785673152154244152 1.10874739412412503376 -4.74938034848841390476 
-0.52484364744750202280 -0.67142692608616976596 -4.56501042350349986497 -5.99752139395365562033 
-4.36878908813812449419 1.16785673152154244152 -5.10874739412412503387 -3.25061965151158609481 
-2.30672363208544783215 2.92969043080231332401 4.22044824213902985532 -3.92324414459955185010 
-0.30672363208544783247 -2.07030956919768667599 1.22044824213902985553 -4.92324414459955185096 
0.77310547165820866968 -0.28123827679074670405 -4.11820703144388057743 -6.69297657839820740559 
-5.30672363208544783236 0.92969043080231332407 -4.77955175786097014468 -4.92324414459955185010 
16
2.49496025313808923642 4.31696137366340643680 3.72670199721058734545 -1.23467437877732963696 
0.74748012656904461810 -4.84151931316829678160 1.36335099860529367294 0.88266281061133518190 
-4.75755962029286614580 -1.52455793950489034501 -0.90994700418411898117 -0.35201156816599445381 
-1.25251987343095538190 0.15848068683170321835 -4.63664900139470632706 1.88266281061133518206 
2.85439589448907956996 4.44164619308798462767 3.07387031600970704907 -1.05621728040352170542 
0.92719794724453978493 -4.77917690345600768616 1.03693515800485352454 0.97189135979823914783 
-4.21840615826638064539 -1.33753071036802305817 -1.88919452598543942618 -0.08432592060528255645 
-0.92719794724453978487 -0.22082309654399231400 -5.03693515800485352475 0.02810864020176085195 
1.10513985381118218330 4.02003302522857055169 3.62876457439006028173 -3.11729797218012670188 
0.05256992690559109154 -4.98998348738571472416 1.31438228719503014087 -0.05864898609006335094 
-1.15770978071677327500 -2.03004953784285582753 -2.94314686158509042249 -2.82405304172980994729 
-1.94743007309440890862 0.01001651261428527582 -4.68561771280496985924 0.94135101390993664906 
1.10693375960380883461 4.29704673202059994098 3.29383665812994770269 -2.50834619211569581935 
0.05346687980190441736 -4.85147663398970002951 1.14691832906497385134 0.24582690394215209035 
-1.16040063940571325208 -2.44557009803089991126 -2.44075498719492155393 -3.73748071182645627097 
-0.05346687980190441714 -0.14852336601029997044 -5.14691832906497385124 0.75417309605784790957 
2.89063449387763426383 3.77806308594100762857 3.81943600544210287652 -1.19243040929715235477 
1.05468275306118286819 -4.88903154297050381418 0.59028199727894856163 -0.90378479535142382283 
-4.16404825918354860436 -2.33290537108848855725 -0.77084599183684568489 -0.28864561394572853161 
-1.05468275306118286808 -0.11096845702949618569 -4.59028199727894856185 1.90378479535142382251 
3.25994595624344082473 3.89854153715557150074 3.15782581667249704466 -1.02586087325599358553 
0.87002702187827958764 -4.94927076857778575026 0.92108709166375147761 -0.98706956337200320751 
-3.61008106563483876280 -2.15218769426664274899 -1.76326127499125443290 -0.03879130988399037781 
-1.12997297812172041236 0.05072923142221424966 -5.07891290833624852244 0.01293043662799679239 
1.28340601115511738735 3.57373447673022777925 3.91475021230656232223 -2.81335908750153018882 
1.85829699442244130627 -4.78686723836511388974 0.54262489384671883888 -0.09332045624923490559 
-1.42510901673267608098 -1.36060171509534166888 -3.37212531845984348324 -3.27996136874770471688 
-1.85829699442244130605 -0.21313276163488611026 -4.54262489384671883921 1.09332045624923490559 
1.27437786566913951059 3.85535757573351465285 3.58944189718298710162 -2.19138076423137163310 
1.86281106716543024481 -4.92767878786675732642 0.70527905140850644919 -0.40430961788431418345 
-1.41156679850370926567 -1.78303636360027197927 -2.88416284577448065254 -4.21292885365294255025 
-0.13718893283456975513 0.07232121213324267358 -5.29472094859149355070 0.59569038211568581649 
3.12285493962462427486 3.06804326645617854896 1.94635116477811175506 -4.41639946436297366498 
0.93857253018768786257 -4.53402163322808927481 1.52682441761094412225 0.70819973218148683211 
-4.18428240943693641228 -0.60206489968426782410 -0.41952674716716763324 -0.87540080345553950361 
-1.06142746981231213743 0.46597836677191072514 -4.47317558238905587775 1.70819973218148683195 
2.78777907005603159938 2.93298298867983839224 2.57752971550574968901 -4.62417851025263062972 
1.10611046497198420031 -4.46649149433991919655 1.21123514224712515539 0.81208925512631531442 
-3.68166860508404739896 -0.39947448301975758880 -1.36629457325862453372 -0.56373223462105405586 
-1.10611046497198420031 -0.53350850566008080361 -5.21123514224712515528 0.18791074487368468547 
4.55417074718547435505 3.34729764471729795972 2.00740378027957835092 -2.58372404753807098253 
0.22291462640726282258 -4.67364882235864897986 1.49629810986021082443 -0.20813797623096450866 
-1.66874387922178846764 -2.97905353292405305999 -3.48889432958063247319 -2.37558607130710647401 
-1.77708537359273717731 0.32635117764135102003 -4.50370189013978917568 0.79186202376903549137 
4.59743448546866611756 3.05109271915223480157 2.30228045736118567340 -3.24691188065672773364 
0.20128275726566694144 -4.52554635957611740100 1.34885977131940716319 0.12345594032836386682 
-1.60384827179700082431 -3.42336092127164779721 -3.04657931395822148958 -3.37036782098509160046 
-0.20128275726566694133 -0.47445364042388259911 -5.34885977131940716341 0.87654405967163613318 
2.78658940061275422931 3.58163784788716023540 1.80080942167755179593 -4.53015390814498194322 
0.89329470030637711465 -5.20918107605641988230 0.40040471083877589807 -0.76507695407249097139 
-3.67988410091913134385 -1.37245677183074035331 -0.20121413251632769422 -0.70476913778252708582 
-0.89329470030637711465 0.20918107605641988217 -4.40040471083877589818 1.76507695407249097118 
2.46233558232276608202 3.44196817789956259438 2.42236837126865237123 -4.75095949724036658093 
0.73116779116138304101 -5.27901591105021870259 0.71118418563432618561 -0.87547974862018329047 
-3.19350337348414912314 -1.16295226684934389157 -1.13355255690297855695 -0.37356075413945012860 
-1.26883220883861695899 -0.27901591105021870281 -5.28881581436567381428 0.12452025137981670942 
4.45601116386263488775 3.75947672650295180714 1.65021229878876898856 -2.98408751205687532799 
1.72800558193131744409 -5.12026163674852409632 0.32510614939438449412 0.00795624397156233600 
-1.81598325420604766816 -2.36078491024557228940 -4.02468155181684651700 -2.97613126808531299199 
-1.72800558193131744388 0.12026163674852409643 -4.32510614939438449433 0.99204375602843766400 
4.48939908113101042312 3.46747816914790296791 1.95386748343910184619 -3.63538778284288291638 
1.74469954056550521156 -5.26626091542604851583 0.47693374171955092310 -0.31769389142144145819 
-1.76590137830348436576 -2.79878274627814554792 -3.56919877484134723039 -3.95308167426432437424 
-0.25530045943449478871 -0.26626091542604851594 -5.52306625828044907680 0.68230610857855854192 
